# JRE version: OpenJDK Runtime Environment (21.0.6) (build 21.0.6+-13355223-b631.42)
# Java VM: OpenJDK 64-Bit Server VM (21.0.6+-13355223-b631.42, mixed mode, tiered, compressed oops, compressed class ptrs, g1 gc, windows-amd64)
GC Precious Log:
 CardTable entry size: 512
 Card Set container configuration: InlinePtr #cards 5 size 8 Array Of Cards #cards 12 size 40 Howl #buckets 4 coarsen threshold 1843 Howl Bitmap #cards 512 size 80 coarsen threshold 460 Card regions per heap region 1 cards per card region 2048
 CPUs: 4 total, 4 available
 Memory: 3899M
 Large Page Support: Disabled
 NUMA Support: Disabled
 Compressed Oops: Enabled (32-bit)
 Heap Region Size: 1M
 Heap Min Capacity: 8M
 Heap Initial Capacity: 62M
 Heap Max Capacity: 976M
 Pre-touch: Disabled
 Parallel Workers: 4
 Concurrent Workers: 1
 Concurrent Refinement Workers: 4
 Periodic GC: Disabled
Heap:
 garbage-first heap   total 89088K, used 65520K [0x00000000c3000000, 0x0000000100000000)
  region size 1024K, 11 young (11264K), 3 survivors (3072K)
 Metaspace       used 64828K, committed 65536K, reserved 1114112K
  class space    used 7247K, committed 7616K, reserved 1048576K
GC Heap History (20 events):
Event: 18.046 GC heap before
{Heap before GC invocations=14 (full 0):
 garbage-first heap   total 57344K, used 50060K [0x00000000c3000000, 0x0000000100000000)
  region size 1024K, 19 young (19456K), 3 survivors (3072K)
 Metaspace       used 55105K, committed 55808K, reserved 1114112K
  class space    used 6481K, committed 6848K, reserved 1048576K
}
Event: 18.066 GC heap after
{Heap after GC invocations=15 (full 0):
 garbage-first heap   total 57344K, used 34540K [0x00000000c3000000, 0x0000000100000000)
  region size 1024K, 3 young (3072K), 3 survivors (3072K)
 Metaspace       used 55105K, committed 55808K, reserved 1114112K
  class space    used 6481K, committed 6848K, reserved 1048576K
}
Event: 19.325 GC heap before
{Heap before GC invocations=15 (full 0):
 garbage-first heap   total 57344K, used 48876K [0x00000000c3000000, 0x0000000100000000)
  region size 1024K, 17 young (17408K), 3 survivors (3072K)
 Metaspace       used 55895K, committed 56640K, reserved 1114112K
  class space    used 6513K, committed 6848K, reserved 1048576K
}
Event: 19.344 GC heap after
{Heap after GC invocations=16 (full 0):
 garbage-first heap   total 57344K, used 36955K [0x00000000c3000000, 0x0000000100000000)
  region size 1024K, 3 young (3072K), 3 survivors (3072K)
 Metaspace       used 55895K, committed 56640K, reserved 1114112K
  class space    used 6513K, committed 6848K, reserved 1048576K
}
Event: 21.261 GC heap before
{Heap before GC invocations=17 (full 0):
 garbage-first heap   total 63488K, used 49243K [0x00000000c3000000, 0x0000000100000000)
  region size 1024K, 15 young (15360K), 3 survivors (3072K)
 Metaspace       used 57362K, committed 58112K, reserved 1114112K
  class space    used 6674K, committed 7040K, reserved 1048576K
}
Event: 21.277 GC heap after
{Heap after GC invocations=18 (full 0):
 garbage-first heap   total 63488K, used 39207K [0x00000000c3000000, 0x0000000100000000)
  region size 1024K, 2 young (2048K), 2 survivors (2048K)
 Metaspace       used 57362K, committed 58112K, reserved 1114112K
  class space    used 6674K, committed 7040K, reserved 1048576K
}
Event: 22.285 GC heap before
{Heap before GC invocations=18 (full 0):
 garbage-first heap   total 63488K, used 54567K [0x00000000c3000000, 0x0000000100000000)
  region size 1024K, 17 young (17408K), 2 survivors (2048K)
 Metaspace       used 57762K, committed 58496K, reserved 1114112K
  class space    used 6699K, committed 7040K, reserved 1048576K
}
Event: 22.310 GC heap after
{Heap after GC invocations=19 (full 0):
 garbage-first heap   total 63488K, used 40936K [0x00000000c3000000, 0x0000000100000000)
  region size 1024K, 3 young (3072K), 3 survivors (3072K)
 Metaspace       used 57762K, committed 58496K, reserved 1114112K
  class space    used 6699K, committed 7040K, reserved 1048576K
}
Event: 23.493 GC heap before
{Heap before GC invocations=19 (full 0):
 garbage-first heap   total 63488K, used 56296K [0x00000000c3000000, 0x0000000100000000)
  region size 1024K, 18 young (18432K), 3 survivors (3072K)
 Metaspace       used 57844K, committed 58560K, reserved 1114112K
  class space    used 6699K, committed 7040K, reserved 1048576K
}
Event: 23.514 GC heap after
{Heap after GC invocations=20 (full 0):
 garbage-first heap   total 63488K, used 43788K [0x00000000c3000000, 0x0000000100000000)
  region size 1024K, 3 young (3072K), 3 survivors (3072K)
 Metaspace       used 57844K, committed 58560K, reserved 1114112K
  class space    used 6699K, committed 7040K, reserved 1048576K
}
Event: 24.163 GC heap before
{Heap before GC invocations=21 (full 0):
 garbage-first heap   total 73728K, used 55052K [0x00000000c3000000, 0x0000000100000000)
  region size 1024K, 14 young (14336K), 3 survivors (3072K)
 Metaspace       used 58118K, committed 58880K, reserved 1114112K
  class space    used 6727K, committed 7104K, reserved 1048576K
}
Event: 24.182 GC heap after
{Heap after GC invocations=22 (full 0):
 garbage-first heap   total 73728K, used 45589K [0x00000000c3000000, 0x0000000100000000)
  region size 1024K, 2 young (2048K), 2 survivors (2048K)
 Metaspace       used 58118K, committed 58880K, reserved 1114112K
  class space    used 6727K, committed 7104K, reserved 1048576K
}
Event: 25.283 GC heap before
{Heap before GC invocations=22 (full 0):
 garbage-first heap   total 73728K, used 62997K [0x00000000c3000000, 0x0000000100000000)
  region size 1024K, 20 young (20480K), 2 survivors (2048K)
 Metaspace       used 59715K, committed 60544K, reserved 1114112K
  class space    used 6914K, committed 7296K, reserved 1048576K
}
Event: 25.300 GC heap after
{Heap after GC invocations=23 (full 0):
 garbage-first heap   total 89088K, used 47376K [0x00000000c3000000, 0x0000000100000000)
  region size 1024K, 2 young (2048K), 2 survivors (2048K)
 Metaspace       used 59715K, committed 60544K, reserved 1114112K
  class space    used 6914K, committed 7296K, reserved 1048576K
}
Event: 28.871 GC heap before
{Heap before GC invocations=23 (full 0):
 garbage-first heap   total 89088K, used 77072K [0x00000000c3000000, 0x0000000100000000)
  region size 1024K, 30 young (30720K), 2 survivors (2048K)
 Metaspace       used 61605K, committed 62336K, reserved 1114112K
  class space    used 7011K, committed 7360K, reserved 1048576K
}
Event: 28.894 GC heap after
{Heap after GC invocations=24 (full 0):
 garbage-first heap   total 89088K, used 51465K [0x00000000c3000000, 0x0000000100000000)
  region size 1024K, 4 young (4096K), 4 survivors (4096K)
 Metaspace       used 61605K, committed 62336K, reserved 1114112K
  class space    used 7011K, committed 7360K, reserved 1048576K
}
Event: 32.140 GC heap before
{Heap before GC invocations=25 (full 0):
 garbage-first heap   total 89088K, used 77065K [0x00000000c3000000, 0x0000000100000000)
  region size 1024K, 29 young (29696K), 4 survivors (4096K)
 Metaspace       used 63742K, committed 64512K, reserved 1114112K
  class space    used 7159K, committed 7488K, reserved 1048576K
}
Event: 32.166 GC heap after
{Heap after GC invocations=26 (full 0):
 garbage-first heap   total 89088K, used 55718K [0x00000000c3000000, 0x0000000100000000)
  region size 1024K, 4 young (4096K), 4 survivors (4096K)
 Metaspace       used 63742K, committed 64512K, reserved 1114112K
  class space    used 7159K, committed 7488K, reserved 1048576K
}
Event: 33.882 GC heap before
{Heap before GC invocations=26 (full 0):
 garbage-first heap   total 89088K, used 77222K [0x00000000c3000000, 0x0000000100000000)
  region size 1024K, 26 young (26624K), 4 survivors (4096K)
 Metaspace       used 64290K, committed 65024K, reserved 1114112K
  class space    used 7191K, committed 7552K, reserved 1048576K
}
Event: 33.905 GC heap after
{Heap after GC invocations=27 (full 0):
 garbage-first heap   total 89088K, used 58352K [0x00000000c3000000, 0x0000000100000000)
  region size 1024K, 3 young (3072K), 3 survivors (3072K)
 Metaspace       used 64290K, committed 65024K, reserved 1114112K
  class space    used 7191K, committed 7552K, reserved 1048576K
}

